<?xml version="1.0" encoding="UTF-8"?>
<!-- Generated by org.testng.reporters.JUnitXMLReporter -->
<testsuite ignored="0" hostname="DESKTOP-4357SKI" failures="0" tests="1" name="Test" time="4.482" errors="0" timestamp="2023-02-21T19:01:57 IST">
  <testcase classname="com.actitime.generic.BaseClass" name="@BeforeTest openBrowser" time="4.311">
    <failure type="org.openqa.selenium.SessionNotCreatedException" message="session not created: This version of ChromeDriver only supports Chrome version 108
Current browser version is 110.0.5481.104 with binary path C:\Program Files\Google\Chrome\Application\chrome.exe
Build info: version: &amp;apos;3.141.59&amp;apos;, revision: &amp;apos;e82be7d358&amp;apos;, time: &amp;apos;2018-11-14T08:25:53&amp;apos;
System info: host: &amp;apos;DESKTOP-4357SKI&amp;apos;, ip: &amp;apos;192.168.178.1&amp;apos;, os.name: &amp;apos;Windows 10&amp;apos;, os.arch: &amp;apos;amd64&amp;apos;, os.version: &amp;apos;10.0&amp;apos;, java.version: &amp;apos;17.0.5&amp;apos;
Driver info: driver.version: ChromeDriver
remote stacktrace: Backtrace:
	(No symbol) [0x0069F243]
	(No symbol) [0x00627FD1]
	(No symbol) [0x0051D04D]
	(No symbol) [0x0053F6B4]
	(No symbol) [0x0053A97C]
	(No symbol) [0x005382E9]
	(No symbol) [0x0056F056]
	(No symbol) [0x0056EB2A]
	(No symbol) [0x00568386]
	(No symbol) [0x0054163C]
	(No symbol) [0x0054269D]
	GetHandleVerifier [0x00939A22+2655074]
	GetHandleVerifier [0x0092CA24+2601828]
	GetHandleVerifier [0x00748C0A+619850]
	GetHandleVerifier [0x00747830+614768]
	(No symbol) [0x006305FC]
	(No symbol) [0x00635968]
	(No symbol) [0x00635A55]
	(No symbol) [0x0064051B]
	BaseThreadInitThunk [0x771400F9+25]
	RtlGetAppContainerNamedObjectPath [0x775A7BBE+286]
	RtlGetAppContainerNamedObjectPath [0x775A7B8E+238]
">
      <![CDATA[org.openqa.selenium.SessionNotCreatedException: session not created: This version of ChromeDriver only supports Chrome version 108
Current browser version is 110.0.5481.104 with binary path C:\Program Files\Google\Chrome\Application\chrome.exe
Build info: version: '3.141.59', revision: 'e82be7d358', time: '2018-11-14T08:25:53'
System info: host: 'DESKTOP-4357SKI', ip: '192.168.178.1', os.name: 'Windows 10', os.arch: 'amd64', os.version: '10.0', java.version: '17.0.5'
Driver info: driver.version: ChromeDriver
remote stacktrace: Backtrace:
(No symbol) [0x0069F243]
(No symbol) [0x00627FD1]
(No symbol) [0x0051D04D]
(No symbol) [0x0053F6B4]
(No symbol) [0x0053A97C]
(No symbol) [0x005382E9]
(No symbol) [0x0056F056]
(No symbol) [0x0056EB2A]
(No symbol) [0x00568386]
(No symbol) [0x0054163C]
(No symbol) [0x0054269D]
GetHandleVerifier [0x00939A22+2655074]
GetHandleVerifier [0x0092CA24+2601828]
GetHandleVerifier [0x00748C0A+619850]
GetHandleVerifier [0x00747830+614768]
(No symbol) [0x006305FC]
(No symbol) [0x00635968]
(No symbol) [0x00635A55]
(No symbol) [0x0064051B]
BaseThreadInitThunk [0x771400F9+25]
RtlGetAppContainerNamedObjectPath [0x775A7BBE+286]
RtlGetAppContainerNamedObjectPath [0x775A7B8E+238]

at org.openqa.selenium.remote.W3CHandshakeResponse.lambda$errorHandler$0(W3CHandshakeResponse.java:62)
at org.openqa.selenium.remote.HandshakeResponse.lambda$getResponseFunction$0(HandshakeResponse.java:30)
at org.openqa.selenium.remote.ProtocolHandshake.lambda$createSession$0(ProtocolHandshake.java:126)
at java.base/java.util.stream.ReferencePipeline$3$1.accept(ReferencePipeline.java:197)
at java.base/java.util.Spliterators$ArraySpliterator.tryAdvance(Spliterators.java:1002)
at java.base/java.util.stream.ReferencePipeline.forEachWithCancel(ReferencePipeline.java:129)
at java.base/java.util.stream.AbstractPipeline.copyIntoWithCancel(AbstractPipeline.java:527)
at java.base/java.util.stream.AbstractPipeline.copyInto(AbstractPipeline.java:513)
at java.base/java.util.stream.AbstractPipeline.wrapAndCopyInto(AbstractPipeline.java:499)
at java.base/java.util.stream.FindOps$FindOp.evaluateSequential(FindOps.java:150)
at java.base/java.util.stream.AbstractPipeline.evaluate(AbstractPipeline.java:234)
at java.base/java.util.stream.ReferencePipeline.findFirst(ReferencePipeline.java:647)
at org.openqa.selenium.remote.ProtocolHandshake.createSession(ProtocolHandshake.java:128)
at org.openqa.selenium.remote.ProtocolHandshake.createSession(ProtocolHandshake.java:74)
at org.openqa.selenium.remote.HttpCommandExecutor.execute(HttpCommandExecutor.java:136)
at org.openqa.selenium.remote.service.DriverCommandExecutor.execute(DriverCommandExecutor.java:83)
at org.openqa.selenium.remote.RemoteWebDriver.execute(RemoteWebDriver.java:552)
at org.openqa.selenium.remote.RemoteWebDriver.startSession(RemoteWebDriver.java:213)
at org.openqa.selenium.remote.RemoteWebDriver.<init>(RemoteWebDriver.java:131)
at org.openqa.selenium.chrome.ChromeDriver.<init>(ChromeDriver.java:181)
at org.openqa.selenium.chrome.ChromeDriver.<init>(ChromeDriver.java:168)
at org.openqa.selenium.chrome.ChromeDriver.<init>(ChromeDriver.java:123)
at com.actitime.generic.BaseClass.openBrowser(BaseClass.java:28)
... Removed 29 stack frames]]>
    </failure>
  </testcase> <!-- @BeforeTest openBrowser -->
  <testcase classname="com.actitime.generic.BaseClass" name="@BeforeMethod login" time="-1.676986317063E9">
    <skipped/>
  </testcase> <!-- @BeforeMethod login -->
  <testcase classname="com.actitime.generic.BaseClass" name="@AfterMethod logout" time="-1.676986317109E9">
    <skipped/>
  </testcase> <!-- @AfterMethod logout -->
  <testcase classname="com.actitime.generic.BaseClass" name="@AfterTest closeBrowser" time="-1.676986317142E9">
    <skipped/>
  </testcase> <!-- @AfterTest closeBrowser -->
  <testcase classname="com.actitime.testscript.CustomerModule" name="CreateCustomer" time="0.001">
    <skipped/>
  </testcase> <!-- CreateCustomer -->
</testsuite> <!-- Test -->
