<?xml version="1.0" encoding="UTF-8"?>
<!-- Generated by org.testng.reporters.JUnitReportReporter -->
<testsuite hostname="DESKTOP-4357SKI" failures="0" tests="2" name="com.actitime.testscript.CustomerModule" time="4.312" errors="1" timestamp="2023-02-21T19:01:57 IST" skipped="1">
  <testcase classname="com.actitime.testscript.CustomerModule" name="CreateCustomer" time="0.001">
    <skipped/>
  </testcase> <!-- CreateCustomer -->
  <system-out/>
  <testcase classname="com.actitime.testscript.CustomerModule" name="openBrowser" time="4.311">
    <error message="session not created: This version of ChromeDriver only supports Chrome version 108
Current browser version is 110.0.5481.104 with binary path C:\Program Files\Google\Chrome\Application\chrome.exe
Build info: version: &#039;3.141.59&#039;, revision: &#039;e82be7d358&#039;, time: &#039;2018-11-14T08:25:53&#039;
System info: host: &#039;DESKTOP-4357SKI&#039;, ip: &#039;192.168.178.1&#039;, os.name: &#039;Windows 10&#039;, os.arch: &#039;amd64&#039;, os.version: &#039;10.0&#039;, java.version: &#039;17.0.5&#039;
Driver info: driver.version: ChromeDriver
remote stacktrace: Backtrace:
	(No symbol) [0x0069F243]
	(No symbol) [0x00627FD1]
	(No symbol) [0x0051D04D]
	(No symbol) [0x0053F6B4]
	(No symbol) [0x0053A97C]
	(No symbol) [0x005382E9]
	(No symbol) [0x0056F056]
	(No symbol) [0x0056EB2A]
	(No symbol) [0x00568386]
	(No symbol) [0x0054163C]
	(No symbol) [0x0054269D]
	GetHandleVerifier [0x00939A22+2655074]
	GetHandleVerifier [0x0092CA24+2601828]
	GetHandleVerifier [0x00748C0A+619850]
	GetHandleVerifier [0x00747830+614768]
	(No symbol) [0x006305FC]
	(No symbol) [0x00635968]
	(No symbol) [0x00635A55]
	(No symbol) [0x0064051B]
	BaseThreadInitThunk [0x771400F9+25]
	RtlGetAppContainerNamedObjectPath [0x775A7BBE+286]
	RtlGetAppContainerNamedObjectPath [0x775A7B8E+238]
" type="org.openqa.selenium.SessionNotCreatedException">
      <![CDATA[org.openqa.selenium.SessionNotCreatedException: session not created: This version of ChromeDriver only supports Chrome version 108
Current browser version is 110.0.5481.104 with binary path C:\Program Files\Google\Chrome\Application\chrome.exe
Build info: version: '3.141.59', revision: 'e82be7d358', time: '2018-11-14T08:25:53'
System info: host: 'DESKTOP-4357SKI', ip: '192.168.178.1', os.name: 'Windows 10', os.arch: 'amd64', os.version: '10.0', java.version: '17.0.5'
Driver info: driver.version: ChromeDriver
remote stacktrace: Backtrace:
(No symbol) [0x0069F243]
(No symbol) [0x00627FD1]
(No symbol) [0x0051D04D]
(No symbol) [0x0053F6B4]
(No symbol) [0x0053A97C]
(No symbol) [0x005382E9]
(No symbol) [0x0056F056]
(No symbol) [0x0056EB2A]
(No symbol) [0x00568386]
(No symbol) [0x0054163C]
(No symbol) [0x0054269D]
GetHandleVerifier [0x00939A22+2655074]
GetHandleVerifier [0x0092CA24+2601828]
GetHandleVerifier [0x00748C0A+619850]
GetHandleVerifier [0x00747830+614768]
(No symbol) [0x006305FC]
(No symbol) [0x00635968]
(No symbol) [0x00635A55]
(No symbol) [0x0064051B]
BaseThreadInitThunk [0x771400F9+25]
RtlGetAppContainerNamedObjectPath [0x775A7BBE+286]
RtlGetAppContainerNamedObjectPath [0x775A7B8E+238]

at java.base/jdk.internal.reflect.NativeConstructorAccessorImpl.newInstance0(Native Method)
at java.base/jdk.internal.reflect.NativeConstructorAccessorImpl.newInstance(NativeConstructorAccessorImpl.java:77)
at java.base/jdk.internal.reflect.DelegatingConstructorAccessorImpl.newInstance(DelegatingConstructorAccessorImpl.java:45)
at java.base/java.lang.reflect.Constructor.newInstanceWithCaller(Constructor.java:499)
at java.base/java.lang.reflect.Constructor.newInstance(Constructor.java:480)
at org.openqa.selenium.remote.W3CHandshakeResponse.lambda$errorHandler$0(W3CHandshakeResponse.java:62)
at org.openqa.selenium.remote.HandshakeResponse.lambda$getResponseFunction$0(HandshakeResponse.java:30)
at org.openqa.selenium.remote.ProtocolHandshake.lambda$createSession$0(ProtocolHandshake.java:126)
at java.base/java.util.stream.ReferencePipeline$3$1.accept(ReferencePipeline.java:197)
at java.base/java.util.Spliterators$ArraySpliterator.tryAdvance(Spliterators.java:1002)
at java.base/java.util.stream.ReferencePipeline.forEachWithCancel(ReferencePipeline.java:129)
at java.base/java.util.stream.AbstractPipeline.copyIntoWithCancel(AbstractPipeline.java:527)
at java.base/java.util.stream.AbstractPipeline.copyInto(AbstractPipeline.java:513)
at java.base/java.util.stream.AbstractPipeline.wrapAndCopyInto(AbstractPipeline.java:499)
at java.base/java.util.stream.FindOps$FindOp.evaluateSequential(FindOps.java:150)
at java.base/java.util.stream.AbstractPipeline.evaluate(AbstractPipeline.java:234)
at java.base/java.util.stream.ReferencePipeline.findFirst(ReferencePipeline.java:647)
at org.openqa.selenium.remote.ProtocolHandshake.createSession(ProtocolHandshake.java:128)
at org.openqa.selenium.remote.ProtocolHandshake.createSession(ProtocolHandshake.java:74)
at org.openqa.selenium.remote.HttpCommandExecutor.execute(HttpCommandExecutor.java:136)
at org.openqa.selenium.remote.service.DriverCommandExecutor.execute(DriverCommandExecutor.java:83)
at org.openqa.selenium.remote.RemoteWebDriver.execute(RemoteWebDriver.java:552)
at org.openqa.selenium.remote.RemoteWebDriver.startSession(RemoteWebDriver.java:213)
at org.openqa.selenium.remote.RemoteWebDriver.<init>(RemoteWebDriver.java:131)
at org.openqa.selenium.chrome.ChromeDriver.<init>(ChromeDriver.java:181)
at org.openqa.selenium.chrome.ChromeDriver.<init>(ChromeDriver.java:168)
at org.openqa.selenium.chrome.ChromeDriver.<init>(ChromeDriver.java:123)
at com.actitime.generic.BaseClass.openBrowser(BaseClass.java:28)
at java.base/jdk.internal.reflect.NativeMethodAccessorImpl.invoke0(Native Method)
at java.base/jdk.internal.reflect.NativeMethodAccessorImpl.invoke(NativeMethodAccessorImpl.java:77)
at java.base/jdk.internal.reflect.DelegatingMethodAccessorImpl.invoke(DelegatingMethodAccessorImpl.java:43)
at java.base/java.lang.reflect.Method.invoke(Method.java:568)
at org.testng.internal.MethodInvocationHelper.invokeMethod(MethodInvocationHelper.java:133)
at org.testng.internal.MethodInvocationHelper.invokeMethodConsideringTimeout(MethodInvocationHelper.java:62)
at org.testng.internal.ConfigInvoker.invokeConfigurationMethod(ConfigInvoker.java:385)
at org.testng.internal.ConfigInvoker.invokeConfigurations(ConfigInvoker.java:321)
at org.testng.TestRunner.invokeTestConfigurations(TestRunner.java:637)
at org.testng.TestRunner.beforeRun(TestRunner.java:627)
at org.testng.TestRunner.run(TestRunner.java:589)
at org.testng.SuiteRunner.runTest(SuiteRunner.java:377)
at org.testng.SuiteRunner.runSequentially(SuiteRunner.java:371)
at org.testng.SuiteRunner.privateRun(SuiteRunner.java:332)
at org.testng.SuiteRunner.run(SuiteRunner.java:276)
at org.testng.SuiteRunnerWorker.runSuite(SuiteRunnerWorker.java:53)
at org.testng.SuiteRunnerWorker.run(SuiteRunnerWorker.java:96)
at org.testng.TestNG.runSuitesSequentially(TestNG.java:1212)
at org.testng.TestNG.runSuitesLocally(TestNG.java:1134)
at org.testng.TestNG.runSuites(TestNG.java:1063)
at org.testng.TestNG.run(TestNG.java:1031)
at org.testng.remote.AbstractRemoteTestNG.run(AbstractRemoteTestNG.java:115)
at org.testng.remote.RemoteTestNG.initAndRun(RemoteTestNG.java:251)
at org.testng.remote.RemoteTestNG.main(RemoteTestNG.java:77)
]]>
    </error>
  </testcase> <!-- openBrowser -->
  <system-out>
    <![CDATA[OpenBrowser]]>
  </system-out>
</testsuite> <!-- com.actitime.testscript.CustomerModule -->
